<?xml version="1.0" encoding="UTF-8"?>
<!-- Generated by org.testng.reporters.JUnitXMLReporter -->
<testsuite ignored="0" hostname="LAPTOP-F622RA9C" failures="0" tests="2" name="Default test" time="16.334" errors="0" timestamp="2024-01-05T08:12:00 IST">
  <testcase classname="com.onlineshopping.qa.testcases.DashBoardPageTest" name="validateDashboardPageOptions" time="0.165"/>
  <testcase classname="com.onlineshopping.qa.testcases.DashBoardPageTest" name="validateHomePagelink" time="2.922"/>
</testsuite> <!-- Default test -->
