<?xml version="1.0" encoding="UTF-8"?>
<!-- Generated by org.testng.reporters.JUnitXMLReporter -->
<testsuite ignored="0" hostname="LAPTOP-F622RA9C" failures="0" tests="4" name="com.onlineshopping.qa.utils.Listners" time="27.236" errors="0" timestamp="2024-01-06T11:35:53 IST">
  <testcase classname="com.onlineshopping.qa.testcases.DashBoardPageTest" name="validateDashboardPageOptions" time="0.171"/>
  <testcase classname="com.onlineshopping.qa.testcases.DashBoardPageTest" name="validateHomePagelink" time="5.778"/>
  <testcase classname="com.onlineshopping.qa.testcases.AccountPageTest" name="Login" time="1.518"/>
  <testcase classname="com.onlineshopping.qa.testcases.AccountPageTest" name="ValidateHeader" time="0.047"/>
</testsuite> <!-- com.onlineshopping.qa.utils.Listners -->
