<?xml version="1.0" encoding="UTF-8"?>
<testng-results ignored="0" total="4" passed="4" failed="0" skipped="0">
  <reporter-output>
  </reporter-output>
  <suite started-at="2024-01-06T11:35:26 IST" name="Suite" finished-at="2024-01-06T11:35:53 IST" duration-ms="27236">
    <groups>
    </groups>
    <test started-at="2024-01-06T11:35:26 IST" name="com.onlineshopping.qa.utils.Listners" finished-at="2024-01-06T11:35:53 IST" duration-ms="27236">
      <class name="com.onlineshopping.qa.testcases.DashBoardPageTest">
        <test-method is-config="true" signature="Setup()[pri:0, instance:com.onlineshopping.qa.testcases.DashBoardPageTest@60129b9a]" started-at="2024-01-06T11:35:26 IST" name="Setup" finished-at="2024-01-06T11:35:31 IST" duration-ms="5773" status="PASS">
          <reporter-output>
          </reporter-output>
        </test-method> <!-- Setup -->
        <test-method signature="validateDashboardPageOptions()[pri:1, instance:com.onlineshopping.qa.testcases.DashBoardPageTest@60129b9a]" started-at="2024-01-06T11:35:31 IST" name="validateDashboardPageOptions" finished-at="2024-01-06T11:35:32 IST" duration-ms="171" status="PASS">
          <reporter-output>
          </reporter-output>
        </test-method> <!-- validateDashboardPageOptions -->
        <test-method is-config="true" signature="teardown()[pri:0, instance:com.onlineshopping.qa.testcases.DashBoardPageTest@60129b9a]" started-at="2024-01-06T11:35:32 IST" name="teardown" finished-at="2024-01-06T11:35:32 IST" duration-ms="188" status="PASS">
          <reporter-output>
          </reporter-output>
        </test-method> <!-- teardown -->
        <test-method is-config="true" signature="Setup()[pri:0, instance:com.onlineshopping.qa.testcases.DashBoardPageTest@60129b9a]" started-at="2024-01-06T11:35:32 IST" name="Setup" finished-at="2024-01-06T11:35:37 IST" duration-ms="5650" status="PASS">
          <reporter-output>
          </reporter-output>
        </test-method> <!-- Setup -->
        <test-method signature="validateHomePagelink()[pri:2, instance:com.onlineshopping.qa.testcases.DashBoardPageTest@60129b9a]" started-at="2024-01-06T11:35:37 IST" name="validateHomePagelink" finished-at="2024-01-06T11:35:43 IST" duration-ms="5778" status="PASS">
          <reporter-output>
          </reporter-output>
        </test-method> <!-- validateHomePagelink -->
        <test-method is-config="true" signature="teardown()[pri:0, instance:com.onlineshopping.qa.testcases.DashBoardPageTest@60129b9a]" started-at="2024-01-06T11:35:43 IST" name="teardown" finished-at="2024-01-06T11:35:43 IST" duration-ms="134" status="PASS">
          <reporter-output>
          </reporter-output>
        </test-method> <!-- teardown -->
      </class> <!-- com.onlineshopping.qa.testcases.DashBoardPageTest -->
      <class name="com.onlineshopping.qa.testcases.AccountPageTest">
        <test-method is-config="true" signature="Setup()[pri:0, instance:com.onlineshopping.qa.testcases.AccountPageTest@13ad5cd3]" started-at="2024-01-06T11:35:43 IST" name="Setup" finished-at="2024-01-06T11:35:47 IST" duration-ms="3204" status="PASS">
          <reporter-output>
          </reporter-output>
        </test-method> <!-- Setup -->
        <test-method signature="Login()[pri:0, instance:com.onlineshopping.qa.testcases.AccountPageTest@13ad5cd3]" started-at="2024-01-06T11:35:47 IST" name="Login" finished-at="2024-01-06T11:35:48 IST" duration-ms="1518" status="PASS">
          <reporter-output>
          </reporter-output>
        </test-method> <!-- Login -->
        <test-method is-config="true" signature="Teardown()[pri:0, instance:com.onlineshopping.qa.testcases.AccountPageTest@13ad5cd3]" started-at="2024-01-06T11:35:48 IST" name="Teardown" finished-at="2024-01-06T11:35:48 IST" duration-ms="111" status="PASS">
          <reporter-output>
          </reporter-output>
        </test-method> <!-- Teardown -->
        <test-method is-config="true" signature="Setup()[pri:0, instance:com.onlineshopping.qa.testcases.AccountPageTest@13ad5cd3]" started-at="2024-01-06T11:35:48 IST" name="Setup" finished-at="2024-01-06T11:35:53 IST" duration-ms="4531" status="PASS">
          <reporter-output>
          </reporter-output>
        </test-method> <!-- Setup -->
        <test-method signature="ValidateHeader()[pri:0, instance:com.onlineshopping.qa.testcases.AccountPageTest@13ad5cd3]" started-at="2024-01-06T11:35:53 IST" name="ValidateHeader" finished-at="2024-01-06T11:35:53 IST" duration-ms="47" status="PASS">
          <reporter-output>
          </reporter-output>
        </test-method> <!-- ValidateHeader -->
        <test-method is-config="true" signature="Teardown()[pri:0, instance:com.onlineshopping.qa.testcases.AccountPageTest@13ad5cd3]" started-at="2024-01-06T11:35:53 IST" name="Teardown" finished-at="2024-01-06T11:35:53 IST" duration-ms="95" status="PASS">
          <reporter-output>
          </reporter-output>
        </test-method> <!-- Teardown -->
      </class> <!-- com.onlineshopping.qa.testcases.AccountPageTest -->
    </test> <!-- com.onlineshopping.qa.utils.Listners -->
  </suite> <!-- Suite -->
</testng-results>
